[03-Jan-2021 22:39:41 Asia/Ho_Chi_Minh] [FATAL]: Undefined property: Lza\App\Task\ImportDataTask::$resPath

#0 D:\www\dev\customer_service\coverage_confirmation\card_validation\app\task\src\ImportDataTask.class.php(60): {closure}(2, 'Undefined prope...', 'D:\\www\\dev\\cust...', 60)<br />
#1 D:\www\dev\customer_service\coverage_confirmation\card_validation\config\Cron.class.php(77): Lza\App\Task\ImportDataTask->execute(true)<br />
#2 D:\www\dev\customer_service\coverage_confirmation\card_validation\core\Core.class.php(108): Lza\Config\Cron->launch('Client')<br />
#3 D:\www\dev\customer_service\coverage_confirmation\card_validation\core\Core.class.php(61): Lza\LazyAdmin\Core->__construct()<br />
#4 D:\www\dev\customer_service\coverage_confirmation\card_validation\config\public\cron.php(19): Lza\LazyAdmin\Core::main()<br />
#5 {main}
[03-Jan-2021 22:42:13 Asia/Ho_Chi_Minh] [FATAL]: file_get_contents(D:\www\dev\customer_service\coverage_confirmation\card_validation\app\task\resimport_pcv_member.sql): Failed to open stream: No such file or directory

#0 [internal function]: {closure}(2, 'file_get_conten...', 'D:\\www\\dev\\cust...', 99)<br />
#1 D:\www\dev\customer_service\coverage_confirmation\card_validation\app\task\src\ImportDataTask.class.php(99): file_get_contents('D:\\www\\dev\\cust...')<br />
#2 D:\www\dev\customer_service\coverage_confirmation\card_validation\app\task\src\ImportDataTask.class.php(69): Lza\App\Task\ImportDataTask->getData(Object(PDOOCI\PDO), Object(Lza\Config\Models\BaseModel), 'D:\\www\\dev\\cust...', 'mbr_no', true, Array)<br />
#3 D:\www\dev\customer_service\coverage_confirmation\card_validation\config\Cron.class.php(77): Lza\App\Task\ImportDataTask->execute(true)<br />
#4 D:\www\dev\customer_service\coverage_confirmation\card_validation\core\Core.class.php(108): Lza\Config\Cron->launch('Client')<br />
#5 D:\www\dev\customer_service\coverage_confirmation\card_validation\core\Core.class.php(61): Lza\LazyAdmin\Core->__construct()<br />
#6 D:\www\dev\customer_service\coverage_confirmation\card_validation\config\public\cron.php(19): Lza\LazyAdmin\Core::main()<br />
#7 {main}
[03-Jan-2021 22:47:27 Asia/Ho_Chi_Minh] [FATAL]: file_get_contents(D:\www\dev\customer_service\coverage_confirmation\card_validation\app\task\resimport_pcv_member.sql): Failed to open stream: No such file or directory

#0 [internal function]: {closure}(2, 'file_get_conten...', 'D:\\www\\dev\\cust...', 99)<br />
#1 D:\www\dev\customer_service\coverage_confirmation\card_validation\app\task\src\ImportDataTask.class.php(99): file_get_contents('D:\\www\\dev\\cust...')<br />
#2 D:\www\dev\customer_service\coverage_confirmation\card_validation\app\task\src\ImportDataTask.class.php(69): Lza\App\Task\ImportDataTask->getData(Object(PDOOCI\PDO), Object(Lza\Config\Models\BaseModel), 'D:\\www\\dev\\cust...', 'mbr_no', true, Array)<br />
#3 D:\www\dev\customer_service\coverage_confirmation\card_validation\config\Cron.class.php(77): Lza\App\Task\ImportDataTask->execute(true)<br />
#4 D:\www\dev\customer_service\coverage_confirmation\card_validation\core\Core.class.php(108): Lza\Config\Cron->launch('Client')<br />
#5 D:\www\dev\customer_service\coverage_confirmation\card_validation\core\Core.class.php(61): Lza\LazyAdmin\Core->__construct()<br />
#6 D:\www\dev\customer_service\coverage_confirmation\card_validation\config\public\cron.php(19): Lza\LazyAdmin\Core::main()<br />
#7 {main}
[03-Jan-2021 22:51:55 Asia/Ho_Chi_Minh] [FATAL]: Undefined array key "name"

#0 D:\www\dev\customer_service\coverage_confirmation\card_validation\app\task\src\ImportDataTask.class.php(109): {closure}(2, 'Undefined array...', 'D:\\www\\dev\\cust...', 109)<br />
#1 D:\www\dev\customer_service\coverage_confirmation\card_validation\app\task\src\ImportDataTask.class.php(71): Lza\App\Task\ImportDataTask->getData(Object(PDOOCI\PDO), Object(Lza\Config\Models\BaseModel), 'D:\\www\\dev\\cust...', 'mbr_no', true, Array)<br />
#2 D:\www\dev\customer_service\coverage_confirmation\card_validation\config\Cron.class.php(77): Lza\App\Task\ImportDataTask->execute(true)<br />
#3 D:\www\dev\customer_service\coverage_confirmation\card_validation\core\Core.class.php(108): Lza\Config\Cron->launch('Client')<br />
#4 D:\www\dev\customer_service\coverage_confirmation\card_validation\core\Core.class.php(61): Lza\LazyAdmin\Core->__construct()<br />
#5 D:\www\dev\customer_service\coverage_confirmation\card_validation\config\public\cron.php(19): Lza\LazyAdmin\Core::main()<br />
#6 {main}
[03-Jan-2021 22:58:42 Asia/Ho_Chi_Minh] [FATAL]: file_get_contents(D:\www\dev\customer_service\coverage_confirmation\card_validation\app\task\res/sqls/\pcv_benefit_detail.sql): Failed to open stream: No such file or directory

#0 [internal function]: {closure}(2, 'file_get_conten...', 'D:\\www\\dev\\cust...', 57)<br />
#1 D:\www\dev\customer_service\coverage_confirmation\card_validation\core\utility\text\Sql.class.php(57): file_get_contents('D:\\www\\dev\\cust...')<br />
#2 D:\www\dev\customer_service\coverage_confirmation\card_validation\app\task\src\ImportDataTask.class.php(283): Lza\LazyAdmin\Utility\Text\Sql->__get('pcvBenefitDetai...')<br />
#3 D:\www\dev\customer_service\coverage_confirmation\card_validation\app\task\src\ImportDataTask.class.php(115): Lza\App\Task\ImportDataTask->getExtra(Array, Array, Array)<br />
#4 D:\www\dev\customer_service\coverage_confirmation\card_validation\app\task\src\ImportDataTask.class.php(71): Lza\App\Task\ImportDataTask->getData(Object(PDOOCI\PDO), Object(Lza\Config\Models\BaseModel), 'D:\\www\\dev\\cust...', 'mbr_no', true, Array)<br />
#5 D:\www\dev\customer_service\coverage_confirmation\card_validation\config\Cron.class.php(77): Lza\App\Task\ImportDataTask->execute(true)<br />
#6 D:\www\dev\customer_service\coverage_confirmation\card_validation\core\Core.class.php(108): Lza\Config\Cron->launch('Client')<br />
#7 D:\www\dev\customer_service\coverage_confirmation\card_validation\core\Core.class.php(61): Lza\LazyAdmin\Core->__construct()<br />
#8 D:\www\dev\customer_service\coverage_confirmation\card_validation\config\public\cron.php(19): Lza\LazyAdmin\Core::main()<br />
#9 {main}
[03-Jan-2021 23:00:59 Asia/Ho_Chi_Minh] [FATAL]: file_get_contents(D:\www\dev\customer_service\coverage_confirmation\card_validation\app\task\res/sqls/\pcv_benefit_detail.sql): Failed to open stream: No such file or directory

#0 [internal function]: {closure}(2, 'file_get_conten...', 'D:\\www\\dev\\cust...', 57)<br />
#1 D:\www\dev\customer_service\coverage_confirmation\card_validation\core\utility\text\Sql.class.php(57): file_get_contents('D:\\www\\dev\\cust...')<br />
#2 D:\www\dev\customer_service\coverage_confirmation\card_validation\app\task\src\ImportDataTask.class.php(283): Lza\LazyAdmin\Utility\Text\Sql->__get('pcvBenefitDetai...')<br />
#3 D:\www\dev\customer_service\coverage_confirmation\card_validation\app\task\src\ImportDataTask.class.php(115): Lza\App\Task\ImportDataTask->getExtra(Array, Array, Array)<br />
#4 D:\www\dev\customer_service\coverage_confirmation\card_validation\app\task\src\ImportDataTask.class.php(71): Lza\App\Task\ImportDataTask->getData(Object(PDOOCI\PDO), Object(Lza\Config\Models\BaseModel), 'D:\\www\\dev\\cust...', 'mbr_no', true, Array)<br />
#5 D:\www\dev\customer_service\coverage_confirmation\card_validation\config\Cron.class.php(77): Lza\App\Task\ImportDataTask->execute(true)<br />
#6 D:\www\dev\customer_service\coverage_confirmation\card_validation\core\Core.class.php(108): Lza\Config\Cron->launch('Client')<br />
#7 D:\www\dev\customer_service\coverage_confirmation\card_validation\core\Core.class.php(61): Lza\LazyAdmin\Core->__construct()<br />
#8 D:\www\dev\customer_service\coverage_confirmation\card_validation\config\public\cron.php(19): Lza\LazyAdmin\Core::main()<br />
#9 {main}
[03-Jan-2021 23:07:24 Asia/Ho_Chi_Minh] [FATAL]: Undefined array key "mepl_oid"

#0 D:\www\dev\customer_service\coverage_confirmation\card_validation\app\task\src\ImportDataTask.class.php(329): {closure}(2, 'Undefined array...', 'D:\\www\\dev\\cust...', 329)<br />
#1 D:\www\dev\customer_service\coverage_confirmation\card_validation\app\task\src\ImportDataTask.class.php(306): Lza\App\Task\ImportDataTask->getBenefits(Array, Array, 'en')<br />
#2 D:\www\dev\customer_service\coverage_confirmation\card_validation\app\task\src\ImportDataTask.class.php(115): Lza\App\Task\ImportDataTask->getExtra(Array, Array, Array)<br />
#3 D:\www\dev\customer_service\coverage_confirmation\card_validation\app\task\src\ImportDataTask.class.php(71): Lza\App\Task\ImportDataTask->getData(Object(PDOOCI\PDO), Object(Lza\Config\Models\BaseModel), 'D:\\www\\dev\\cust...', 'mbr_no', true, Array)<br />
#4 D:\www\dev\customer_service\coverage_confirmation\card_validation\config\Cron.class.php(77): Lza\App\Task\ImportDataTask->execute(true)<br />
#5 D:\www\dev\customer_service\coverage_confirmation\card_validation\core\Core.class.php(108): Lza\Config\Cron->launch('Client')<br />
#6 D:\www\dev\customer_service\coverage_confirmation\card_validation\core\Core.class.php(61): Lza\LazyAdmin\Core->__construct()<br />
#7 D:\www\dev\customer_service\coverage_confirmation\card_validation\config\public\cron.php(20): Lza\LazyAdmin\Core::main()<br />
#8 {main}
[03-Jan-2021 23:13:49 Asia/Ho_Chi_Minh] [FATAL]: Undefined array key "memb_no"

#0 D:\www\dev\customer_service\coverage_confirmation\card_validation\app\task\src\ImportDataTask.class.php(314): {closure}(2, 'Undefined array...', 'D:\\www\\dev\\cust...', 314)<br />
#1 D:\www\dev\customer_service\coverage_confirmation\card_validation\app\task\src\ImportDataTask.class.php(115): Lza\App\Task\ImportDataTask->getExtra(Array, Array, Array)<br />
#2 D:\www\dev\customer_service\coverage_confirmation\card_validation\app\task\src\ImportDataTask.class.php(71): Lza\App\Task\ImportDataTask->getData(Object(PDOOCI\PDO), Object(Lza\Config\Models\BaseModel), 'D:\\www\\dev\\cust...', 'mbr_no', true, Array)<br />
#3 D:\www\dev\customer_service\coverage_confirmation\card_validation\config\Cron.class.php(77): Lza\App\Task\ImportDataTask->execute(true)<br />
#4 D:\www\dev\customer_service\coverage_confirmation\card_validation\core\Core.class.php(108): Lza\Config\Cron->launch('Client')<br />
#5 D:\www\dev\customer_service\coverage_confirmation\card_validation\core\Core.class.php(61): Lza\LazyAdmin\Core->__construct()<br />
#6 D:\www\dev\customer_service\coverage_confirmation\card_validation\config\public\cron.php(20): Lza\LazyAdmin\Core::main()<br />
#7 {main}
[03-Jan-2021 23:15:25 Asia/Ho_Chi_Minh] [FATAL]: Undefined property: Lza\App\Task\ImportDataTask::$i18n

#0 D:\www\dev\customer_service\coverage_confirmation\card_validation\app\task\src\ImportDataTask.class.php(845): {closure}(2, 'Undefined prope...', 'D:\\www\\dev\\cust...', 845)<br />
#1 D:\www\dev\customer_service\coverage_confirmation\card_validation\app\task\src\ImportDataTask.class.php(314): Lza\App\Task\ImportDataTask->getCardBenefit(Array, '004532100', 'en')<br />
#2 D:\www\dev\customer_service\coverage_confirmation\card_validation\app\task\src\ImportDataTask.class.php(115): Lza\App\Task\ImportDataTask->getExtra(Array, Array, Array)<br />
#3 D:\www\dev\customer_service\coverage_confirmation\card_validation\app\task\src\ImportDataTask.class.php(71): Lza\App\Task\ImportDataTask->getData(Object(PDOOCI\PDO), Object(Lza\Config\Models\BaseModel), 'D:\\www\\dev\\cust...', 'mbr_no', true, Array)<br />
#4 D:\www\dev\customer_service\coverage_confirmation\card_validation\config\Cron.class.php(77): Lza\App\Task\ImportDataTask->execute(true)<br />
#5 D:\www\dev\customer_service\coverage_confirmation\card_validation\core\Core.class.php(108): Lza\Config\Cron->launch('Client')<br />
#6 D:\www\dev\customer_service\coverage_confirmation\card_validation\core\Core.class.php(61): Lza\LazyAdmin\Core->__construct()<br />
#7 D:\www\dev\customer_service\coverage_confirmation\card_validation\config\public\cron.php(20): Lza\LazyAdmin\Core::main()<br />
#8 {main}
[03-Jan-2021 23:19:10 Asia/Ho_Chi_Minh] [FATAL]: ORA-00900: invalid SQL statement

#0 D:\www\dev\customer_service\coverage_confirmation\card_validation\core\utility\text\Sql.class.php(129): PDOOCI\Statement->execute(Array)<br />
#1 D:\www\dev\customer_service\coverage_confirmation\card_validation\app\task\src\ImportDataTask.class.php(926): Lza\LazyAdmin\Utility\Text\Sql::query(' \n             ...', Array, 'hbs_pcv')<br />
#2 D:\www\dev\customer_service\coverage_confirmation\card_validation\app\task\src\ImportDataTask.class.php(307): Lza\App\Task\ImportDataTask->getCardBenefit(Array, '004532100', 'en')<br />
#3 D:\www\dev\customer_service\coverage_confirmation\card_validation\app\task\src\ImportDataTask.class.php(108): Lza\App\Task\ImportDataTask->getExtra(Array, Array, Array)<br />
#4 D:\www\dev\customer_service\coverage_confirmation\card_validation\app\task\src\ImportDataTask.class.php(70): Lza\App\Task\ImportDataTask->getData(Object(PDOOCI\PDO), Object(Lza\Config\Models\BaseModel), 'D:\\www\\dev\\cust...', 'mbr_no', true, Array)<br />
#5 D:\www\dev\customer_service\coverage_confirmation\card_validation\config\Cron.class.php(77): Lza\App\Task\ImportDataTask->execute(true)<br />
#6 D:\www\dev\customer_service\coverage_confirmation\card_validation\core\Core.class.php(108): Lza\Config\Cron->launch('Client')<br />
#7 D:\www\dev\customer_service\coverage_confirmation\card_validation\core\Core.class.php(61): Lza\LazyAdmin\Core->__construct()<br />
#8 D:\www\dev\customer_service\coverage_confirmation\card_validation\config\public\cron.php(20): Lza\LazyAdmin\Core::main()<br />
#9 {main}
[03-Jan-2021 23:31:58 Asia/Ho_Chi_Minh] [FATAL]: file_get_contents(D:\www\dev\customer_service\coverage_confirmation\card_validation\config\public/config\public\upload\images\01893100000002004532100.png): Failed to open stream: No such file or directory

#0 [internal function]: {closure}(2, 'file_get_conten...', 'D:\\www\\dev\\cust...', 796)<br />
#1 D:\www\dev\customer_service\coverage_confirmation\card_validation\app\task\src\ImportDataTask.class.php(796): file_get_contents('D:\\www\\dev\\cust...')<br />
#2 D:\www\dev\customer_service\coverage_confirmation\card_validation\app\task\src\ImportDataTask.class.php(308): Lza\App\Task\ImportDataTask->getInsuranceCard(Array)<br />
#3 D:\www\dev\customer_service\coverage_confirmation\card_validation\app\task\src\ImportDataTask.class.php(108): Lza\App\Task\ImportDataTask->getExtra(Array, Array, Array)<br />
#4 D:\www\dev\customer_service\coverage_confirmation\card_validation\app\task\src\ImportDataTask.class.php(70): Lza\App\Task\ImportDataTask->getData(Object(PDOOCI\PDO), Object(Lza\Config\Models\BaseModel), 'D:\\www\\dev\\cust...', 'mbr_no', true, Array)<br />
#5 D:\www\dev\customer_service\coverage_confirmation\card_validation\config\Cron.class.php(77): Lza\App\Task\ImportDataTask->execute(true)<br />
#6 D:\www\dev\customer_service\coverage_confirmation\card_validation\core\Core.class.php(108): Lza\Config\Cron->launch('Client')<br />
#7 D:\www\dev\customer_service\coverage_confirmation\card_validation\core\Core.class.php(61): Lza\LazyAdmin\Core->__construct()<br />
#8 D:\www\dev\customer_service\coverage_confirmation\card_validation\config\public\cron.php(20): Lza\LazyAdmin\Core::main()<br />
#9 {main}
[03-Jan-2021 23:38:22 Asia/Ho_Chi_Minh] [FATAL]: SplFileObject::__construct(D:/www/dev/customer_service/coverage_confirmation/card_validation/config/public/app/admin/res/configs/lang.txt): Failed to open stream: No such file or directory

#0 D:\www\dev\customer_service\coverage_confirmation\card_validation\core\utility\text\Property.class.php(38): SplFileObject->__construct('D:/www/dev/cust...')<br />
#1 D:\www\dev\customer_service\coverage_confirmation\card_validation\core\utility\text\Internationalization.class.php(43): Lza\LazyAdmin\Utility\Text\Property->__construct('D:/www/dev/cust...', 'D:\\www\\dev\\cust...')<br />
#2 [internal function]: Lza\LazyAdmin\Utility\Text\Internationalization->__construct('D:/www/dev/cust...')<br />
#3 D:\www\dev\customer_service\coverage_confirmation\card_validation\core\utility\pattern\DIContainer.class.php(62): call_user_func_array(Array, Array)<br />
#4 [internal function]: Lza\LazyAdmin\Utility\Pattern\DIContainer::resolve('Lza\\LazyAdmin\\U...', 'D:/www/dev/cust...')<br />
#5 D:\www\dev\customer_service\coverage_confirmation\card_validation\core\utility\pattern\DIContainer.class.php(154): call_user_func_array(Array, Array)<br />
#6 D:\www\dev\customer_service\coverage_confirmation\card_validation\core\utility\pattern\DIContainer.class.php(59): Lza\LazyAdmin\Utility\Pattern\DIContainer::inject(Object(Lza\App\Admin\Modules\AdminView), Array)<br />
#7 D:\www\dev\customer_service\coverage_confirmation\card_validation\app\admin\src\modules\general\General.class.php(70): Lza\LazyAdmin\Utility\Pattern\DIContainer::resolve('Lza\\App\\Admin\\M...')<br />
#8 D:\www\dev\customer_service\coverage_confirmation\card_validation\app\admin\src\modules\Admin.class.php(28): Lza\App\Admin\Modules\General\General->bindView()<br />
#9 D:\www\dev\customer_service\coverage_confirmation\card_validation\app\admin\src\AdminRouter.class.php(206): Lza\App\Admin\Modules\Admin->launch()<br />
#10 D:\www\dev\customer_service\coverage_confirmation\card_validation\config\Application.class.php(87): Lza\App\Admin\AdminRouter->launch()<br />
#11 D:\www\dev\customer_service\coverage_confirmation\card_validation\core\Core.class.php(108): Lza\Config\Application->launch('Admin')<br />
#12 D:\www\dev\customer_service\coverage_confirmation\card_validation\core\Core.class.php(61): Lza\LazyAdmin\Core->__construct()<br />
#13 D:\www\dev\customer_service\coverage_confirmation\card_validation\config\public\index.php(10): Lza\LazyAdmin\Core::main()<br />
#14 {main}
