[06-May-2021 11:07:36 Asia/Ho_Chi_Minh] [FATAL]: ORA-00904: "MEMB"."PLAN_OID": invalid identifier

#0 D:\xampp\htdocs\pacific_project\Mobile_Backend\branches\Tinhnguyen\app\task\src\ImportDataTask.class.php(196): PDOOCI\PDO->query(' WITH members A...')<br />
#1 D:\xampp\htdocs\pacific_project\Mobile_Backend\branches\Tinhnguyen\app\task\src\ImportDataTask.class.php(134): Lza\App\Task\ImportDataTask->getDataFromHbs(Object(PDOOCI\PDO), ' WITH members A...', true)<br />
#2 D:\xampp\htdocs\pacific_project\Mobile_Backend\branches\Tinhnguyen\app\task\src\ImportDataTask.class.php(96): Lza\App\Task\ImportDataTask->getData(Object(PDOOCI\PDO), Object(Lza\Config\Models\BaseModel), ' WITH members A...', 'mbr_no', true, Array)<br />
#3 D:\xampp\htdocs\pacific_project\Mobile_Backend\branches\Tinhnguyen\config\Cron.class.php(94): Lza\App\Task\ImportDataTask->execute(true)<br />
#4 D:\xampp\htdocs\pacific_project\Mobile_Backend\branches\Tinhnguyen\core\Core.class.php(110): Lza\Config\Cron->launch('Client')<br />
#5 D:\xampp\htdocs\pacific_project\Mobile_Backend\branches\Tinhnguyen\core\Core.class.php(62): Lza\LazyAdmin\Core->__construct()<br />
#6 D:\xampp\htdocs\pacific_project\Mobile_Backend\branches\Tinhnguyen\config\public\cron.php(8): Lza\LazyAdmin\Core::main()<br />
#7 {main}
[06-May-2021 11:07:45 Asia/Ho_Chi_Minh] [FATAL]: ORA-00904: "MEMB"."PLAN_OID": invalid identifier

#0 D:\xampp\htdocs\pacific_project\Mobile_Backend\branches\Tinhnguyen\app\task\src\ImportDataTask.class.php(196): PDOOCI\PDO->query(' WITH members A...')<br />
#1 D:\xampp\htdocs\pacific_project\Mobile_Backend\branches\Tinhnguyen\app\task\src\ImportDataTask.class.php(134): Lza\App\Task\ImportDataTask->getDataFromHbs(Object(PDOOCI\PDO), ' WITH members A...', true)<br />
#2 D:\xampp\htdocs\pacific_project\Mobile_Backend\branches\Tinhnguyen\app\task\src\ImportDataTask.class.php(96): Lza\App\Task\ImportDataTask->getData(Object(PDOOCI\PDO), Object(Lza\Config\Models\BaseModel), ' WITH members A...', 'mbr_no', true, Array)<br />
#3 D:\xampp\htdocs\pacific_project\Mobile_Backend\branches\Tinhnguyen\config\Cron.class.php(94): Lza\App\Task\ImportDataTask->execute(true)<br />
#4 D:\xampp\htdocs\pacific_project\Mobile_Backend\branches\Tinhnguyen\core\Core.class.php(110): Lza\Config\Cron->launch('Client')<br />
#5 D:\xampp\htdocs\pacific_project\Mobile_Backend\branches\Tinhnguyen\core\Core.class.php(62): Lza\LazyAdmin\Core->__construct()<br />
#6 D:\xampp\htdocs\pacific_project\Mobile_Backend\branches\Tinhnguyen\config\public\cron.php(8): Lza\LazyAdmin\Core::main()<br />
#7 {main}
[06-May-2021 11:11:18 Asia/Ho_Chi_Minh] [FATAL]: ORA-00904: "MEMB"."PLAN_ID": invalid identifier

#0 D:\xampp\htdocs\pacific_project\Mobile_Backend\branches\Tinhnguyen\app\task\src\ImportDataTask.class.php(196): PDOOCI\PDO->query(' WITH members A...')<br />
#1 D:\xampp\htdocs\pacific_project\Mobile_Backend\branches\Tinhnguyen\app\task\src\ImportDataTask.class.php(134): Lza\App\Task\ImportDataTask->getDataFromHbs(Object(PDOOCI\PDO), ' WITH members A...', true)<br />
#2 D:\xampp\htdocs\pacific_project\Mobile_Backend\branches\Tinhnguyen\app\task\src\ImportDataTask.class.php(96): Lza\App\Task\ImportDataTask->getData(Object(PDOOCI\PDO), Object(Lza\Config\Models\BaseModel), ' WITH members A...', 'mbr_no', true, Array)<br />
#3 D:\xampp\htdocs\pacific_project\Mobile_Backend\branches\Tinhnguyen\config\Cron.class.php(94): Lza\App\Task\ImportDataTask->execute(true)<br />
#4 D:\xampp\htdocs\pacific_project\Mobile_Backend\branches\Tinhnguyen\core\Core.class.php(110): Lza\Config\Cron->launch('Client')<br />
#5 D:\xampp\htdocs\pacific_project\Mobile_Backend\branches\Tinhnguyen\core\Core.class.php(62): Lza\LazyAdmin\Core->__construct()<br />
#6 D:\xampp\htdocs\pacific_project\Mobile_Backend\branches\Tinhnguyen\config\public\cron.php(8): Lza\LazyAdmin\Core::main()<br />
#7 {main}
[06-May-2021 11:12:54 Asia/Ho_Chi_Minh] [FATAL]: ORA-00979: not a GROUP BY expression

#0 D:\xampp\htdocs\pacific_project\Mobile_Backend\branches\Tinhnguyen\app\task\src\ImportDataTask.class.php(196): PDOOCI\PDO->query(' WITH members A...')<br />
#1 D:\xampp\htdocs\pacific_project\Mobile_Backend\branches\Tinhnguyen\app\task\src\ImportDataTask.class.php(134): Lza\App\Task\ImportDataTask->getDataFromHbs(Object(PDOOCI\PDO), ' WITH members A...', true)<br />
#2 D:\xampp\htdocs\pacific_project\Mobile_Backend\branches\Tinhnguyen\app\task\src\ImportDataTask.class.php(96): Lza\App\Task\ImportDataTask->getData(Object(PDOOCI\PDO), Object(Lza\Config\Models\BaseModel), ' WITH members A...', 'mbr_no', true, Array)<br />
#3 D:\xampp\htdocs\pacific_project\Mobile_Backend\branches\Tinhnguyen\config\Cron.class.php(94): Lza\App\Task\ImportDataTask->execute(true)<br />
#4 D:\xampp\htdocs\pacific_project\Mobile_Backend\branches\Tinhnguyen\core\Core.class.php(110): Lza\Config\Cron->launch('Client')<br />
#5 D:\xampp\htdocs\pacific_project\Mobile_Backend\branches\Tinhnguyen\core\Core.class.php(62): Lza\LazyAdmin\Core->__construct()<br />
#6 D:\xampp\htdocs\pacific_project\Mobile_Backend\branches\Tinhnguyen\config\public\cron.php(8): Lza\LazyAdmin\Core::main()<br />
#7 {main}
