[04-May-2021 15:00:01 Asia/Ho_Chi_Minh] [FATAL]: DIContainer: missing class 'Lza\App\Client\Modules\Api20\ClientApi20'.

#0 D:\xampp\htdocs\pacific_project\CoverageConfirmation\branches\TinhNguyen\app\client\src\ClientRouter.class.php(84): Lza\LazyAdmin\Utility\Pattern\DIContainer::resolve('Lza\\App\\Client\\...')<br />
#1 D:\xampp\htdocs\pacific_project\CoverageConfirmation\branches\TinhNguyen\config\Application.class.php(87): Lza\App\Client\ClientRouter->launch()<br />
#2 D:\xampp\htdocs\pacific_project\CoverageConfirmation\branches\TinhNguyen\core\Core.class.php(110): Lza\Config\Application->launch('Client')<br />
#3 D:\xampp\htdocs\pacific_project\CoverageConfirmation\branches\TinhNguyen\core\Core.class.php(62): Lza\LazyAdmin\Core->__construct()<br />
#4 D:\xampp\htdocs\pacific_project\CoverageConfirmation\branches\TinhNguyen\config\public\index.php(8): Lza\LazyAdmin\Core::main()<br />
#5 {main}
[04-May-2021 15:00:01 Asia/Ho_Chi_Minh] PHP Fatal error:  Uncaught PDOException: SQLSTATE[42000]: Syntax error or access violation: 1142 INSERT command denied to user 'cps_tinhnguyen'@'115.79.215.220' for table 'lzaemail' in D:\xampp\htdocs\pacific_project\CoverageConfirmation\branches\TinhNguyen\lib\vendor\vrana\notorm\NotORM\Result.php:181
Stack trace:
#0 D:\xampp\htdocs\pacific_project\CoverageConfirmation\branches\TinhNguyen\lib\vendor\vrana\notorm\NotORM\Result.php(181): PDO->prepare(' INSERT INTO lz...')
#1 D:\xampp\htdocs\pacific_project\CoverageConfirmation\branches\TinhNguyen\lib\vendor\vrana\notorm\NotORM\Result.php(258): NotORM_Result->query(' INSERT INTO lz...', Array)
#2 D:\xampp\htdocs\pacific_project\CoverageConfirmation\branches\TinhNguyen\lib\vendor\vrana\notorm\NotORM\Result.php(273): NotORM_Result->insert_multi(Array)
#3 [internal function]: NotORM_Result->insert(Array)
#4 D:\xampp\htdocs\pacific_project\CoverageConfirmation\branches\TinhNguyen\config\models\BaseModel.class.php(97): call_user_func_array(Array, Array)
#5 D:\xampp\htdocs\pacific_pro in D:\xampp\htdocs\pacific_project\CoverageConfirmation\branches\TinhNguyen\lib\vendor\vrana\notorm\NotORM\Result.php on line 181
[04-May-2021 15:00:54 Asia/Ho_Chi_Minh] [FATAL]: DIContainer: missing class 'Lza\App\Client\Modules\Api20\ClientApi20'.

#0 D:\xampp\htdocs\pacific_project\CoverageConfirmation\branches\TinhNguyen\app\client\src\ClientRouter.class.php(84): Lza\LazyAdmin\Utility\Pattern\DIContainer::resolve('Lza\\App\\Client\\...')<br />
#1 D:\xampp\htdocs\pacific_project\CoverageConfirmation\branches\TinhNguyen\config\Application.class.php(87): Lza\App\Client\ClientRouter->launch()<br />
#2 D:\xampp\htdocs\pacific_project\CoverageConfirmation\branches\TinhNguyen\core\Core.class.php(110): Lza\Config\Application->launch('Client')<br />
#3 D:\xampp\htdocs\pacific_project\CoverageConfirmation\branches\TinhNguyen\core\Core.class.php(62): Lza\LazyAdmin\Core->__construct()<br />
#4 D:\xampp\htdocs\pacific_project\CoverageConfirmation\branches\TinhNguyen\config\public\index.php(8): Lza\LazyAdmin\Core::main()<br />
#5 {main}
[04-May-2021 15:00:54 Asia/Ho_Chi_Minh] PHP Fatal error:  Uncaught PDOException: SQLSTATE[42000]: Syntax error or access violation: 1142 INSERT command denied to user 'cps_tinhnguyen'@'115.79.215.220' for table 'lzaemail' in D:\xampp\htdocs\pacific_project\CoverageConfirmation\branches\TinhNguyen\lib\vendor\vrana\notorm\NotORM\Result.php:181
Stack trace:
#0 D:\xampp\htdocs\pacific_project\CoverageConfirmation\branches\TinhNguyen\lib\vendor\vrana\notorm\NotORM\Result.php(181): PDO->prepare(' INSERT INTO lz...')
#1 D:\xampp\htdocs\pacific_project\CoverageConfirmation\branches\TinhNguyen\lib\vendor\vrana\notorm\NotORM\Result.php(258): NotORM_Result->query(' INSERT INTO lz...', Array)
#2 D:\xampp\htdocs\pacific_project\CoverageConfirmation\branches\TinhNguyen\lib\vendor\vrana\notorm\NotORM\Result.php(273): NotORM_Result->insert_multi(Array)
#3 [internal function]: NotORM_Result->insert(Array)
#4 D:\xampp\htdocs\pacific_project\CoverageConfirmation\branches\TinhNguyen\config\models\BaseModel.class.php(97): call_user_func_array(Array, Array)
#5 D:\xampp\htdocs\pacific_pro in D:\xampp\htdocs\pacific_project\CoverageConfirmation\branches\TinhNguyen\lib\vendor\vrana\notorm\NotORM\Result.php on line 181
[04-May-2021 15:03:35 Asia/Ho_Chi_Minh] [FATAL]: DIContainer: missing class 'Lza\App\Client\Modules\Api20\ClientApi20'.

#0 D:\xampp\htdocs\pacific_project\CoverageConfirmation\branches\TinhNguyen\app\client\src\ClientRouter.class.php(84): Lza\LazyAdmin\Utility\Pattern\DIContainer::resolve('Lza\\App\\Client\\...')<br />
#1 D:\xampp\htdocs\pacific_project\CoverageConfirmation\branches\TinhNguyen\config\Application.class.php(87): Lza\App\Client\ClientRouter->launch()<br />
#2 D:\xampp\htdocs\pacific_project\CoverageConfirmation\branches\TinhNguyen\core\Core.class.php(110): Lza\Config\Application->launch('Client')<br />
#3 D:\xampp\htdocs\pacific_project\CoverageConfirmation\branches\TinhNguyen\core\Core.class.php(62): Lza\LazyAdmin\Core->__construct()<br />
#4 D:\xampp\htdocs\pacific_project\CoverageConfirmation\branches\TinhNguyen\config\public\index.php(8): Lza\LazyAdmin\Core::main()<br />
#5 {main}
[04-May-2021 15:03:35 Asia/Ho_Chi_Minh] PHP Fatal error:  Uncaught PDOException: SQLSTATE[42000]: Syntax error or access violation: 1142 INSERT command denied to user 'cps_tinhnguyen'@'115.79.215.220' for table 'lzaemail' in D:\xampp\htdocs\pacific_project\CoverageConfirmation\branches\TinhNguyen\lib\vendor\vrana\notorm\NotORM\Result.php:181
Stack trace:
#0 D:\xampp\htdocs\pacific_project\CoverageConfirmation\branches\TinhNguyen\lib\vendor\vrana\notorm\NotORM\Result.php(181): PDO->prepare(' INSERT INTO lz...')
#1 D:\xampp\htdocs\pacific_project\CoverageConfirmation\branches\TinhNguyen\lib\vendor\vrana\notorm\NotORM\Result.php(258): NotORM_Result->query(' INSERT INTO lz...', Array)
#2 D:\xampp\htdocs\pacific_project\CoverageConfirmation\branches\TinhNguyen\lib\vendor\vrana\notorm\NotORM\Result.php(273): NotORM_Result->insert_multi(Array)
#3 [internal function]: NotORM_Result->insert(Array)
#4 D:\xampp\htdocs\pacific_project\CoverageConfirmation\branches\TinhNguyen\config\models\BaseModel.class.php(97): call_user_func_array(Array, Array)
#5 D:\xampp\htdocs\pacific_pro in D:\xampp\htdocs\pacific_project\CoverageConfirmation\branches\TinhNguyen\lib\vendor\vrana\notorm\NotORM\Result.php on line 181
[04-May-2021 15:03:39 Asia/Ho_Chi_Minh] [FATAL]: DIContainer: missing class 'Lza\App\Client\Modules\Api20\ClientApi20'.

#0 D:\xampp\htdocs\pacific_project\CoverageConfirmation\branches\TinhNguyen\app\client\src\ClientRouter.class.php(84): Lza\LazyAdmin\Utility\Pattern\DIContainer::resolve('Lza\\App\\Client\\...')<br />
#1 D:\xampp\htdocs\pacific_project\CoverageConfirmation\branches\TinhNguyen\config\Application.class.php(87): Lza\App\Client\ClientRouter->launch()<br />
#2 D:\xampp\htdocs\pacific_project\CoverageConfirmation\branches\TinhNguyen\core\Core.class.php(110): Lza\Config\Application->launch('Client')<br />
#3 D:\xampp\htdocs\pacific_project\CoverageConfirmation\branches\TinhNguyen\core\Core.class.php(62): Lza\LazyAdmin\Core->__construct()<br />
#4 D:\xampp\htdocs\pacific_project\CoverageConfirmation\branches\TinhNguyen\config\public\index.php(8): Lza\LazyAdmin\Core::main()<br />
#5 {main}
[04-May-2021 15:03:39 Asia/Ho_Chi_Minh] PHP Fatal error:  Uncaught PDOException: SQLSTATE[42000]: Syntax error or access violation: 1142 INSERT command denied to user 'cps_tinhnguyen'@'115.79.215.220' for table 'lzaemail' in D:\xampp\htdocs\pacific_project\CoverageConfirmation\branches\TinhNguyen\lib\vendor\vrana\notorm\NotORM\Result.php:181
Stack trace:
#0 D:\xampp\htdocs\pacific_project\CoverageConfirmation\branches\TinhNguyen\lib\vendor\vrana\notorm\NotORM\Result.php(181): PDO->prepare(' INSERT INTO lz...')
#1 D:\xampp\htdocs\pacific_project\CoverageConfirmation\branches\TinhNguyen\lib\vendor\vrana\notorm\NotORM\Result.php(258): NotORM_Result->query(' INSERT INTO lz...', Array)
#2 D:\xampp\htdocs\pacific_project\CoverageConfirmation\branches\TinhNguyen\lib\vendor\vrana\notorm\NotORM\Result.php(273): NotORM_Result->insert_multi(Array)
#3 [internal function]: NotORM_Result->insert(Array)
#4 D:\xampp\htdocs\pacific_project\CoverageConfirmation\branches\TinhNguyen\config\models\BaseModel.class.php(97): call_user_func_array(Array, Array)
#5 D:\xampp\htdocs\pacific_pro in D:\xampp\htdocs\pacific_project\CoverageConfirmation\branches\TinhNguyen\lib\vendor\vrana\notorm\NotORM\Result.php on line 181
[04-May-2021 15:03:41 Asia/Ho_Chi_Minh] [FATAL]: DIContainer: missing class 'Lza\App\Client\Modules\Api20\ClientApi20'.

#0 D:\xampp\htdocs\pacific_project\CoverageConfirmation\branches\TinhNguyen\app\client\src\ClientRouter.class.php(84): Lza\LazyAdmin\Utility\Pattern\DIContainer::resolve('Lza\\App\\Client\\...')<br />
#1 D:\xampp\htdocs\pacific_project\CoverageConfirmation\branches\TinhNguyen\config\Application.class.php(87): Lza\App\Client\ClientRouter->launch()<br />
#2 D:\xampp\htdocs\pacific_project\CoverageConfirmation\branches\TinhNguyen\core\Core.class.php(110): Lza\Config\Application->launch('Client')<br />
#3 D:\xampp\htdocs\pacific_project\CoverageConfirmation\branches\TinhNguyen\core\Core.class.php(62): Lza\LazyAdmin\Core->__construct()<br />
#4 D:\xampp\htdocs\pacific_project\CoverageConfirmation\branches\TinhNguyen\config\public\index.php(8): Lza\LazyAdmin\Core::main()<br />
#5 {main}
[04-May-2021 15:03:41 Asia/Ho_Chi_Minh] PHP Fatal error:  Uncaught PDOException: SQLSTATE[42000]: Syntax error or access violation: 1142 INSERT command denied to user 'cps_tinhnguyen'@'115.79.215.220' for table 'lzaemail' in D:\xampp\htdocs\pacific_project\CoverageConfirmation\branches\TinhNguyen\lib\vendor\vrana\notorm\NotORM\Result.php:181
Stack trace:
#0 D:\xampp\htdocs\pacific_project\CoverageConfirmation\branches\TinhNguyen\lib\vendor\vrana\notorm\NotORM\Result.php(181): PDO->prepare(' INSERT INTO lz...')
#1 D:\xampp\htdocs\pacific_project\CoverageConfirmation\branches\TinhNguyen\lib\vendor\vrana\notorm\NotORM\Result.php(258): NotORM_Result->query(' INSERT INTO lz...', Array)
#2 D:\xampp\htdocs\pacific_project\CoverageConfirmation\branches\TinhNguyen\lib\vendor\vrana\notorm\NotORM\Result.php(273): NotORM_Result->insert_multi(Array)
#3 [internal function]: NotORM_Result->insert(Array)
#4 D:\xampp\htdocs\pacific_project\CoverageConfirmation\branches\TinhNguyen\config\models\BaseModel.class.php(97): call_user_func_array(Array, Array)
#5 D:\xampp\htdocs\pacific_pro in D:\xampp\htdocs\pacific_project\CoverageConfirmation\branches\TinhNguyen\lib\vendor\vrana\notorm\NotORM\Result.php on line 181
[04-May-2021 15:05:21 Asia/Ho_Chi_Minh] [FATAL]: DIContainer: missing class 'Lza\App\Client\Modules\Api20\ClientApi20'.

#0 D:\xampp\htdocs\pacific_project\CoverageConfirmation\branches\TinhNguyen\app\client\src\ClientRouter.class.php(84): Lza\LazyAdmin\Utility\Pattern\DIContainer::resolve('Lza\\App\\Client\\...')<br />
#1 D:\xampp\htdocs\pacific_project\CoverageConfirmation\branches\TinhNguyen\config\Application.class.php(87): Lza\App\Client\ClientRouter->launch()<br />
#2 D:\xampp\htdocs\pacific_project\CoverageConfirmation\branches\TinhNguyen\core\Core.class.php(110): Lza\Config\Application->launch('Client')<br />
#3 D:\xampp\htdocs\pacific_project\CoverageConfirmation\branches\TinhNguyen\core\Core.class.php(62): Lza\LazyAdmin\Core->__construct()<br />
#4 D:\xampp\htdocs\pacific_project\CoverageConfirmation\branches\TinhNguyen\config\public\index.php(8): Lza\LazyAdmin\Core::main()<br />
#5 {main}
[04-May-2021 17:13:51 Asia/Ho_Chi_Minh] [FATAL]: DIContainer: missing class 'Lza\App\Client\Modules\Api\\ClientApiView'.

#0 D:\xampp\htdocs\pacific_project\CoverageConfirmation\branches\TinhNguyen\app\client\src\modules\api\ClientApi.class.php(59): Lza\LazyAdmin\Utility\Pattern\DIContainer::resolve('Lza\\App\\Client\\...')<br />
#1 D:\xampp\htdocs\pacific_project\CoverageConfirmation\branches\TinhNguyen\app\client\src\modules\Client.class.php(31): Lza\App\Client\Modules\Api\ClientApi->bindView()<br />
#2 D:\xampp\htdocs\pacific_project\CoverageConfirmation\branches\TinhNguyen\app\client\src\ClientRouter.class.php(85): Lza\App\CLient\Modules\Client->launch()<br />
#3 D:\xampp\htdocs\pacific_project\CoverageConfirmation\branches\TinhNguyen\config\Application.class.php(87): Lza\App\Client\ClientRouter->launch()<br />
#4 D:\xampp\htdocs\pacific_project\CoverageConfirmation\branches\TinhNguyen\core\Core.class.php(110): Lza\Config\Application->launch('Client')<br />
#5 D:\xampp\htdocs\pacific_project\CoverageConfirmation\branches\TinhNguyen\core\Core.class.php(62): Lza\LazyAdmin\Core->__construct()<br />
#6 D:\xampp\htdocs\pacific_project\CoverageConfirmation\branches\TinhNguyen\config\public\index.php(8): Lza\LazyAdmin\Core::main()<br />
#7 {main}
[04-May-2021 17:22:03 Asia/Ho_Chi_Minh] [FATAL]: DIContainer: missing class 'Lza\App\Client\Modules\Api\V1\ClientApiView'.

#0 D:\xampp\htdocs\pacific_project\CoverageConfirmation\branches\TinhNguyen\app\client\src\modules\api\ClientApi.class.php(59): Lza\LazyAdmin\Utility\Pattern\DIContainer::resolve('Lza\\App\\Client\\...')<br />
#1 D:\xampp\htdocs\pacific_project\CoverageConfirmation\branches\TinhNguyen\app\client\src\modules\Client.class.php(31): Lza\App\Client\Modules\Api\ClientApi->bindView()<br />
#2 D:\xampp\htdocs\pacific_project\CoverageConfirmation\branches\TinhNguyen\app\client\src\ClientRouter.class.php(85): Lza\App\CLient\Modules\Client->launch()<br />
#3 D:\xampp\htdocs\pacific_project\CoverageConfirmation\branches\TinhNguyen\config\Application.class.php(87): Lza\App\Client\ClientRouter->launch()<br />
#4 D:\xampp\htdocs\pacific_project\CoverageConfirmation\branches\TinhNguyen\core\Core.class.php(110): Lza\Config\Application->launch('Client')<br />
#5 D:\xampp\htdocs\pacific_project\CoverageConfirmation\branches\TinhNguyen\core\Core.class.php(62): Lza\LazyAdmin\Core->__construct()<br />
#6 D:\xampp\htdocs\pacific_project\CoverageConfirmation\branches\TinhNguyen\config\public\index.php(8): Lza\LazyAdmin\Core::main()<br />
#7 {main}
[04-May-2021 17:24:52 Asia/Ho_Chi_Minh] [FATAL]: DIContainer: missing class 'Lza\App\Client\Modules\Api\V1\ClientApiView'.

#0 D:\xampp\htdocs\pacific_project\CoverageConfirmation\branches\TinhNguyen\app\client\src\modules\api\ClientApi.class.php(58): Lza\LazyAdmin\Utility\Pattern\DIContainer::resolve('Lza\\App\\Client\\...')<br />
#1 D:\xampp\htdocs\pacific_project\CoverageConfirmation\branches\TinhNguyen\app\client\src\modules\Client.class.php(31): Lza\App\Client\Modules\Api\ClientApi->bindView()<br />
#2 D:\xampp\htdocs\pacific_project\CoverageConfirmation\branches\TinhNguyen\app\client\src\ClientRouter.class.php(85): Lza\App\CLient\Modules\Client->launch()<br />
#3 D:\xampp\htdocs\pacific_project\CoverageConfirmation\branches\TinhNguyen\config\Application.class.php(87): Lza\App\Client\ClientRouter->launch()<br />
#4 D:\xampp\htdocs\pacific_project\CoverageConfirmation\branches\TinhNguyen\core\Core.class.php(110): Lza\Config\Application->launch('Client')<br />
#5 D:\xampp\htdocs\pacific_project\CoverageConfirmation\branches\TinhNguyen\core\Core.class.php(62): Lza\LazyAdmin\Core->__construct()<br />
#6 D:\xampp\htdocs\pacific_project\CoverageConfirmation\branches\TinhNguyen\config\public\index.php(8): Lza\LazyAdmin\Core::main()<br />
#7 {main}
[04-May-2021 17:25:54 Asia/Ho_Chi_Minh] [FATAL]: DIContainer: missing class 'Lza\App\Client\Modules\Api\V1\ClientApiView'.

#0 D:\xampp\htdocs\pacific_project\CoverageConfirmation\branches\TinhNguyen\app\client\src\modules\api\ClientApi.class.php(58): Lza\LazyAdmin\Utility\Pattern\DIContainer::resolve('Lza\\App\\Client\\...')<br />
#1 D:\xampp\htdocs\pacific_project\CoverageConfirmation\branches\TinhNguyen\app\client\src\modules\Client.class.php(31): Lza\App\Client\Modules\Api\ClientApi->bindView()<br />
#2 D:\xampp\htdocs\pacific_project\CoverageConfirmation\branches\TinhNguyen\app\client\src\ClientRouter.class.php(85): Lza\App\CLient\Modules\Client->launch()<br />
#3 D:\xampp\htdocs\pacific_project\CoverageConfirmation\branches\TinhNguyen\config\Application.class.php(87): Lza\App\Client\ClientRouter->launch()<br />
#4 D:\xampp\htdocs\pacific_project\CoverageConfirmation\branches\TinhNguyen\core\Core.class.php(110): Lza\Config\Application->launch('Client')<br />
#5 D:\xampp\htdocs\pacific_project\CoverageConfirmation\branches\TinhNguyen\core\Core.class.php(62): Lza\LazyAdmin\Core->__construct()<br />
#6 D:\xampp\htdocs\pacific_project\CoverageConfirmation\branches\TinhNguyen\config\public\index.php(8): Lza\LazyAdmin\Core::main()<br />
#7 {main}
[04-May-2021 17:25:56 Asia/Ho_Chi_Minh] [FATAL]: DIContainer: missing class 'Lza\App\Client\Modules\Api\V1\ClientApiView'.

#0 D:\xampp\htdocs\pacific_project\CoverageConfirmation\branches\TinhNguyen\app\client\src\modules\api\ClientApi.class.php(58): Lza\LazyAdmin\Utility\Pattern\DIContainer::resolve('Lza\\App\\Client\\...')<br />
#1 D:\xampp\htdocs\pacific_project\CoverageConfirmation\branches\TinhNguyen\app\client\src\modules\Client.class.php(31): Lza\App\Client\Modules\Api\ClientApi->bindView()<br />
#2 D:\xampp\htdocs\pacific_project\CoverageConfirmation\branches\TinhNguyen\app\client\src\ClientRouter.class.php(85): Lza\App\CLient\Modules\Client->launch()<br />
#3 D:\xampp\htdocs\pacific_project\CoverageConfirmation\branches\TinhNguyen\config\Application.class.php(87): Lza\App\Client\ClientRouter->launch()<br />
#4 D:\xampp\htdocs\pacific_project\CoverageConfirmation\branches\TinhNguyen\core\Core.class.php(110): Lza\Config\Application->launch('Client')<br />
#5 D:\xampp\htdocs\pacific_project\CoverageConfirmation\branches\TinhNguyen\core\Core.class.php(62): Lza\LazyAdmin\Core->__construct()<br />
#6 D:\xampp\htdocs\pacific_project\CoverageConfirmation\branches\TinhNguyen\config\public\index.php(8): Lza\LazyAdmin\Core::main()<br />
#7 {main}
[04-May-2021 17:26:01 Asia/Ho_Chi_Minh] [FATAL]: DIContainer: missing class 'Lza\App\Client\Modules\Api\V1\ClientApiView'.

#0 D:\xampp\htdocs\pacific_project\CoverageConfirmation\branches\TinhNguyen\app\client\src\modules\api\ClientApi.class.php(58): Lza\LazyAdmin\Utility\Pattern\DIContainer::resolve('Lza\\App\\Client\\...')<br />
#1 D:\xampp\htdocs\pacific_project\CoverageConfirmation\branches\TinhNguyen\app\client\src\modules\Client.class.php(31): Lza\App\Client\Modules\Api\ClientApi->bindView()<br />
#2 D:\xampp\htdocs\pacific_project\CoverageConfirmation\branches\TinhNguyen\app\client\src\ClientRouter.class.php(85): Lza\App\CLient\Modules\Client->launch()<br />
#3 D:\xampp\htdocs\pacific_project\CoverageConfirmation\branches\TinhNguyen\config\Application.class.php(87): Lza\App\Client\ClientRouter->launch()<br />
#4 D:\xampp\htdocs\pacific_project\CoverageConfirmation\branches\TinhNguyen\core\Core.class.php(110): Lza\Config\Application->launch('Client')<br />
#5 D:\xampp\htdocs\pacific_project\CoverageConfirmation\branches\TinhNguyen\core\Core.class.php(62): Lza\LazyAdmin\Core->__construct()<br />
#6 D:\xampp\htdocs\pacific_project\CoverageConfirmation\branches\TinhNguyen\config\public\index.php(8): Lza\LazyAdmin\Core::main()<br />
#7 {main}
[04-May-2021 17:26:14 Asia/Ho_Chi_Minh] [FATAL]: DIContainer: missing class 'Lza\App\Client\Modules\Api\V1\ClientApiView'.

#0 D:\xampp\htdocs\pacific_project\CoverageConfirmation\branches\TinhNguyen\app\client\src\modules\api\ClientApi.class.php(58): Lza\LazyAdmin\Utility\Pattern\DIContainer::resolve('Lza\\App\\Client\\...')<br />
#1 D:\xampp\htdocs\pacific_project\CoverageConfirmation\branches\TinhNguyen\app\client\src\modules\Client.class.php(31): Lza\App\Client\Modules\Api\ClientApi->bindView()<br />
#2 D:\xampp\htdocs\pacific_project\CoverageConfirmation\branches\TinhNguyen\app\client\src\ClientRouter.class.php(85): Lza\App\CLient\Modules\Client->launch()<br />
#3 D:\xampp\htdocs\pacific_project\CoverageConfirmation\branches\TinhNguyen\config\Application.class.php(87): Lza\App\Client\ClientRouter->launch()<br />
#4 D:\xampp\htdocs\pacific_project\CoverageConfirmation\branches\TinhNguyen\core\Core.class.php(110): Lza\Config\Application->launch('Client')<br />
#5 D:\xampp\htdocs\pacific_project\CoverageConfirmation\branches\TinhNguyen\core\Core.class.php(62): Lza\LazyAdmin\Core->__construct()<br />
#6 D:\xampp\htdocs\pacific_project\CoverageConfirmation\branches\TinhNguyen\config\public\index.php(8): Lza\LazyAdmin\Core::main()<br />
#7 {main}
[04-May-2021 17:26:27 Asia/Ho_Chi_Minh] [FATAL]: DIContainer: missing class 'Lza\App\Client\Modules\Api\V1\ClientApiView'.

#0 D:\xampp\htdocs\pacific_project\CoverageConfirmation\branches\TinhNguyen\app\client\src\modules\api\ClientApi.class.php(58): Lza\LazyAdmin\Utility\Pattern\DIContainer::resolve('Lza\\App\\Client\\...')<br />
#1 D:\xampp\htdocs\pacific_project\CoverageConfirmation\branches\TinhNguyen\app\client\src\modules\Client.class.php(31): Lza\App\Client\Modules\Api\ClientApi->bindView()<br />
#2 D:\xampp\htdocs\pacific_project\CoverageConfirmation\branches\TinhNguyen\app\client\src\ClientRouter.class.php(85): Lza\App\CLient\Modules\Client->launch()<br />
#3 D:\xampp\htdocs\pacific_project\CoverageConfirmation\branches\TinhNguyen\config\Application.class.php(87): Lza\App\Client\ClientRouter->launch()<br />
#4 D:\xampp\htdocs\pacific_project\CoverageConfirmation\branches\TinhNguyen\core\Core.class.php(110): Lza\Config\Application->launch('Client')<br />
#5 D:\xampp\htdocs\pacific_project\CoverageConfirmation\branches\TinhNguyen\core\Core.class.php(62): Lza\LazyAdmin\Core->__construct()<br />
#6 D:\xampp\htdocs\pacific_project\CoverageConfirmation\branches\TinhNguyen\config\public\index.php(8): Lza\LazyAdmin\Core::main()<br />
#7 {main}
[04-May-2021 17:28:06 Asia/Ho_Chi_Minh] [FATAL]: DIContainer: missing class 'Lza\App\Client\Modules\Api\V1\ClientApiView'.

#0 D:\xampp\htdocs\pacific_project\CoverageConfirmation\branches\TinhNguyen\app\client\src\modules\api\ClientApi.class.php(58): Lza\LazyAdmin\Utility\Pattern\DIContainer::resolve('Lza\\App\\Client\\...')<br />
#1 D:\xampp\htdocs\pacific_project\CoverageConfirmation\branches\TinhNguyen\app\client\src\modules\Client.class.php(31): Lza\App\Client\Modules\Api\ClientApi->bindView()<br />
#2 D:\xampp\htdocs\pacific_project\CoverageConfirmation\branches\TinhNguyen\app\client\src\ClientRouter.class.php(85): Lza\App\CLient\Modules\Client->launch()<br />
#3 D:\xampp\htdocs\pacific_project\CoverageConfirmation\branches\TinhNguyen\config\Application.class.php(87): Lza\App\Client\ClientRouter->launch()<br />
#4 D:\xampp\htdocs\pacific_project\CoverageConfirmation\branches\TinhNguyen\core\Core.class.php(110): Lza\Config\Application->launch('Client')<br />
#5 D:\xampp\htdocs\pacific_project\CoverageConfirmation\branches\TinhNguyen\core\Core.class.php(62): Lza\LazyAdmin\Core->__construct()<br />
#6 D:\xampp\htdocs\pacific_project\CoverageConfirmation\branches\TinhNguyen\config\public\index.php(8): Lza\LazyAdmin\Core::main()<br />
#7 {main}
[04-May-2021 17:28:08 Asia/Ho_Chi_Minh] [FATAL]: DIContainer: missing class 'Lza\App\Client\Modules\Api\V1\ClientApiView'.

#0 D:\xampp\htdocs\pacific_project\CoverageConfirmation\branches\TinhNguyen\app\client\src\modules\api\ClientApi.class.php(58): Lza\LazyAdmin\Utility\Pattern\DIContainer::resolve('Lza\\App\\Client\\...')<br />
#1 D:\xampp\htdocs\pacific_project\CoverageConfirmation\branches\TinhNguyen\app\client\src\modules\Client.class.php(31): Lza\App\Client\Modules\Api\ClientApi->bindView()<br />
#2 D:\xampp\htdocs\pacific_project\CoverageConfirmation\branches\TinhNguyen\app\client\src\ClientRouter.class.php(85): Lza\App\CLient\Modules\Client->launch()<br />
#3 D:\xampp\htdocs\pacific_project\CoverageConfirmation\branches\TinhNguyen\config\Application.class.php(87): Lza\App\Client\ClientRouter->launch()<br />
#4 D:\xampp\htdocs\pacific_project\CoverageConfirmation\branches\TinhNguyen\core\Core.class.php(110): Lza\Config\Application->launch('Client')<br />
#5 D:\xampp\htdocs\pacific_project\CoverageConfirmation\branches\TinhNguyen\core\Core.class.php(62): Lza\LazyAdmin\Core->__construct()<br />
#6 D:\xampp\htdocs\pacific_project\CoverageConfirmation\branches\TinhNguyen\config\public\index.php(8): Lza\LazyAdmin\Core::main()<br />
#7 {main}
